2018-10-12 18:56:56  [ http-nio-8080-exec-5:0 ] - [ DEBUG ]  Fri Oct 12 18:56:56 CST 2018: 04171204登陆成功
2018-10-12 19:00:26  [ http-nio-8080-exec-9:210525 ] - [ DEBUG ]  Fri Oct 12 19:00:26 CST 2018: 04171204登陆成功
2018-10-12 19:01:37  [ http-nio-8080-exec-5:0 ] - [ DEBUG ]  Fri Oct 12 19:01:37 CST 2018: 04171204登陆成功
2018-10-12 19:03:25  [ http-nio-8080-exec-5:0 ] - [ DEBUG ]  Fri Oct 12 19:03:25 CST 2018: 04171204登陆成功
2018-10-12 19:07:42  [ http-nio-8080-exec-6:0 ] - [ DEBUG ]  Fri Oct 12 19:07:42 CST 2018: 04171204登陆成功
2018-10-12 19:32:30  [ http-nio-8080-exec-6:0 ] - [ DEBUG ]  Fri Oct 12 19:32:30 CST 2018: 04171204登陆成功
2018-10-12 19:35:44  [ http-nio-8080-exec-5:0 ] - [ DEBUG ]  Fri Oct 12 19:35:44 CST 2018: 04171204登陆成功
2018-10-12 19:37:19  [ http-nio-8080-exec-5:0 ] - [ DEBUG ]  Fri Oct 12 19:37:19 CST 2018: 04171204登陆成功
2018-10-12 19:39:55  [ http-nio-8080-exec-6:0 ] - [ DEBUG ]  Fri Oct 12 19:39:55 CST 2018: 04171204登陆成功
2018-10-12 20:03:42  [ http-nio-8080-exec-4:0 ] - [ DEBUG ]  Fri Oct 12 20:03:42 CST 2018: 04171204登陆成功
2018-10-12 20:04:24  [ http-nio-8080-exec-10:42615 ] - [ DEBUG ]  Fri Oct 12 20:04:24 CST 2018: 04171204登陆成功
2018-10-12 20:06:31  [ http-nio-8080-exec-6:0 ] - [ DEBUG ]  Fri Oct 12 20:06:31 CST 2018: 04171204登陆成功
2018-10-12 20:07:02  [ http-nio-8080-exec-10:31306 ] - [ DEBUG ]  Fri Oct 12 20:07:02 CST 2018:添加新用户04171045:张硕
2018-10-12 20:11:36  [ http-nio-8080-exec-6:0 ] - [ DEBUG ]  Fri Oct 12 20:11:36 CST 2018: 04171204登陆成功
2018-10-12 20:12:01  [ http-nio-8080-exec-10:25061 ] - [ DEBUG ]  Fri Oct 12 20:12:01 CST 2018:添加新用户04171245:张硕
2018-10-12 20:47:36  [ http-nio-8080-exec-6:0 ] - [ DEBUG ]  Fri Oct 12 20:47:36 CST 2018: 04171204登陆成功
2018-10-12 20:48:11  [ http-nio-8080-exec-10:34750 ] - [ DEBUG ]  Fri Oct 12 20:48:11 CST 2018:7用户被删除
2018-10-12 20:56:36  [ http-nio-8080-exec-4:539525 ] - [ DEBUG ]  Fri Oct 12 20:56:36 CST 2018: 04171204登陆成功
2018-10-12 21:14:37  [ http-nio-8080-exec-5:0 ] - [ DEBUG ]  Fri Oct 12 21:14:37 CST 2018: 04171204登陆成功
2018-10-12 21:37:36  [ http-nio-8080-exec-5:0 ] - [ DEBUG ]  Fri Oct 12 21:37:36 CST 2018: 04171204登陆成功
2018-10-12 21:45:51  [ http-nio-8080-exec-6:0 ] - [ DEBUG ]  Fri Oct 12 21:45:51 CST 2018: 04171204登陆成功
2018-10-12 21:47:41  [ http-nio-8080-exec-6:0 ] - [ DEBUG ]  Fri Oct 12 21:47:41 CST 2018: 04171204登陆成功
2018-10-12 21:50:48  [ http-nio-8080-exec-3:186997 ] - [ DEBUG ]  Fri Oct 12 21:50:48 CST 2018: 04171204登陆成功
2018-10-12 21:52:02  [ http-nio-8080-exec-5:0 ] - [ DEBUG ]  Fri Oct 12 21:52:02 CST 2018: 04171204登陆成功
2018-10-12 21:54:33  [ http-nio-8080-exec-6:0 ] - [ DEBUG ]  Fri Oct 12 21:54:33 CST 2018: 04171204登陆成功
2018-10-12 21:55:42  [ http-nio-8080-exec-2:69676 ] - [ DEBUG ]  Fri Oct 12 21:55:42 CST 2018: 04171204登陆成功
2018-10-12 21:56:18  [ http-nio-8080-exec-5:0 ] - [ DEBUG ]  Fri Oct 12 21:56:18 CST 2018: 04171204登陆成功
2018-10-12 21:58:37  [ http-nio-8080-exec-6:0 ] - [ DEBUG ]  Fri Oct 12 21:58:37 CST 2018: 04171204登陆成功
2018-10-12 21:58:42  [ http-nio-8080-exec-1:5446 ] - [ DEBUG ]  Fri Oct 12 21:58:42 CST 2018:id = 5信息修改成功
2018-10-12 22:56:58  [ http-nio-8080-exec-7:0 ] - [ DEBUG ]  Fri Oct 12 22:56:58 CST 2018: 04171204登陆成功
2018-10-12 22:57:06  [ http-nio-8080-exec-2:7664 ] - [ DEBUG ]  Fri Oct 12 22:57:06 CST 2018:id = 5信息修改成功
2018-10-12 22:58:04  [ http-nio-8080-exec-5:0 ] - [ DEBUG ]  Fri Oct 12 22:58:04 CST 2018: 04171204登陆成功
2018-10-12 22:58:13  [ http-nio-8080-exec-2:8505 ] - [ DEBUG ]  Fri Oct 12 22:58:13 CST 2018:id = 5信息修改成功
2018-10-12 22:59:54  [ http-nio-8080-exec-6:0 ] - [ DEBUG ]  Fri Oct 12 22:59:54 CST 2018: 04171204登陆成功
2018-10-12 22:59:57  [ http-nio-8080-exec-9:2834 ] - [ DEBUG ]  Fri Oct 12 22:59:57 CST 2018:5用户被删除
2018-10-12 23:00:04  [ http-nio-8080-exec-4:9752 ] - [ DEBUG ]  Fri Oct 12 23:00:04 CST 2018:id = 6信息修改成功
2018-10-12 23:00:10  [ http-nio-8080-exec-7:16526 ] - [ DEBUG ]  Fri Oct 12 23:00:10 CST 2018:id = 6信息修改成功
2018-10-12 23:01:01  [ http-nio-8080-exec-10:67130 ] - [ DEBUG ]  Fri Oct 12 23:01:01 CST 2018:添加新用户04171200:张新奕
2018-10-12 23:20:07  [ http-nio-8080-exec-6:0 ] - [ DEBUG ]  Fri Oct 12 23:20:07 CST 2018: 04171200登陆成功
2018-10-12 23:20:41  [ http-nio-8080-exec-1:33470 ] - [ DEBUG ]  Fri Oct 12 23:20:41 CST 2018:添加新用户04171201:张启航
2018-10-12 23:20:56  [ http-nio-8080-exec-4:48997 ] - [ DEBUG ]  Fri Oct 12 23:20:56 CST 2018:id = 1信息修改成功
2018-10-12 23:21:09  [ http-nio-8080-exec-7:62029 ] - [ DEBUG ]  Fri Oct 12 23:21:09 CST 2018:添加新用户222222:222
2018-10-12 23:21:12  [ http-nio-8080-exec-9:64228 ] - [ DEBUG ]  Fri Oct 12 23:21:12 CST 2018:10用户被删除
2018-10-12 23:29:39  [ http-nio-8080-exec-6:571954 ] - [ DEBUG ]  Fri Oct 12 23:29:39 CST 2018: 04171204登陆成功
2018-10-12 23:31:24  [ http-nio-8080-exec-2:676967 ] - [ DEBUG ]  Fri Oct 12 23:31:24 CST 2018: 04171204登陆成功
2018-10-12 23:31:49  [ http-nio-8080-exec-1:701365 ] - [ DEBUG ]  Fri Oct 12 23:31:49 CST 2018:添加新用户1111:1111
2018-10-12 23:31:54  [ http-nio-8080-exec-4:706436 ] - [ DEBUG ]  Fri Oct 12 23:31:54 CST 2018:id = 11信息修改成功
2018-10-12 23:31:56  [ http-nio-8080-exec-6:708640 ] - [ DEBUG ]  Fri Oct 12 23:31:56 CST 2018:11用户被删除
